{"/Users/james.miller/Desktop/Creative_Technology/personal/wrapper.js/src/unwrap/main.ts": {"path":"/Users/james.miller/Desktop/Creative_Technology/personal/wrapper.js/src/unwrap/main.ts","all":false,"statementMap":{"0":{"start":{"line":1,"column":0},"end":{"line":1,"column":26}},"1":{"start":{"line":2,"column":0},"end":{"line":2,"column":26}},"2":{"start":{"line":3,"column":0},"end":{"line":3,"column":8}},"3":{"start":{"line":4,"column":0},"end":{"line":4,"column":17}},"4":{"start":{"line":5,"column":0},"end":{"line":5,"column":20}},"5":{"start":{"line":6,"column":0},"end":{"line":6,"column":17}},"6":{"start":{"line":7,"column":0},"end":{"line":7,"column":20}},"7":{"start":{"line":8,"column":0},"end":{"line":8,"column":16}},"8":{"start":{"line":9,"column":0},"end":{"line":9,"column":17}},"9":{"start":{"line":10,"column":0},"end":{"line":10,"column":26}},"10":{"start":{"line":11,"column":0},"end":{"line":11,"column":19}},"11":{"start":{"line":12,"column":0},"end":{"line":12,"column":0}},"12":{"start":{"line":13,"column":0},"end":{"line":13,"column":47}},"13":{"start":{"line":14,"column":0},"end":{"line":14,"column":44}},"14":{"start":{"line":15,"column":0},"end":{"line":15,"column":51}},"15":{"start":{"line":16,"column":0},"end":{"line":16,"column":50}},"16":{"start":{"line":17,"column":0},"end":{"line":17,"column":52}},"17":{"start":{"line":18,"column":0},"end":{"line":18,"column":27}},"18":{"start":{"line":19,"column":0},"end":{"line":19,"column":5}},"19":{"start":{"line":20,"column":0},"end":{"line":20,"column":30}},"20":{"start":{"line":21,"column":0},"end":{"line":21,"column":61}},"21":{"start":{"line":22,"column":0},"end":{"line":22,"column":29}},"22":{"start":{"line":23,"column":0},"end":{"line":23,"column":6}},"23":{"start":{"line":24,"column":0},"end":{"line":24,"column":5}},"24":{"start":{"line":25,"column":0},"end":{"line":25,"column":48}},"25":{"start":{"line":26,"column":0},"end":{"line":26,"column":62}},"26":{"start":{"line":27,"column":0},"end":{"line":27,"column":29}},"27":{"start":{"line":28,"column":0},"end":{"line":28,"column":6}},"28":{"start":{"line":29,"column":0},"end":{"line":29,"column":5}},"29":{"start":{"line":30,"column":0},"end":{"line":30,"column":34}},"30":{"start":{"line":31,"column":0},"end":{"line":31,"column":58}},"31":{"start":{"line":32,"column":0},"end":{"line":32,"column":6}},"32":{"start":{"line":33,"column":0},"end":{"line":33,"column":5}},"33":{"start":{"line":34,"column":0},"end":{"line":34,"column":20}},"34":{"start":{"line":35,"column":0},"end":{"line":35,"column":60}},"35":{"start":{"line":36,"column":0},"end":{"line":36,"column":2}}},"s":{"0":1,"1":1,"2":1,"3":1,"4":1,"5":1,"6":1,"7":1,"8":1,"9":1,"10":1,"11":1,"12":1,"13":1,"14":1,"15":1,"16":1,"17":1,"18":1,"19":1,"20":1,"21":1,"22":1,"23":1,"24":1,"25":1,"26":1,"27":1,"28":1,"29":1,"30":1,"31":1,"32":1,"33":1,"34":1,"35":1},"branchMap":{"0":{"type":"branch","line":13,"loc":{"start":{"line":13,"column":20},"end":{"line":36,"column":2}},"locations":[{"start":{"line":13,"column":20},"end":{"line":36,"column":2}}]},"1":{"type":"branch","line":13,"loc":{"start":{"line":13,"column":45},"end":{"line":36,"column":2}},"locations":[{"start":{"line":13,"column":45},"end":{"line":36,"column":2}}]},"2":{"type":"branch","line":22,"loc":{"start":{"line":22,"column":15},"end":{"line":22,"column":28}},"locations":[{"start":{"line":22,"column":15},"end":{"line":22,"column":28}}]},"3":{"type":"branch","line":27,"loc":{"start":{"line":27,"column":15},"end":{"line":27,"column":28}},"locations":[{"start":{"line":27,"column":15},"end":{"line":27,"column":28}}]},"4":{"type":"branch","line":31,"loc":{"start":{"line":31,"column":12},"end":{"line":31,"column":58}},"locations":[{"start":{"line":31,"column":12},"end":{"line":31,"column":58}}]},"5":{"type":"branch","line":31,"loc":{"start":{"line":31,"column":23},"end":{"line":31,"column":58}},"locations":[{"start":{"line":31,"column":23},"end":{"line":31,"column":58}}]}},"b":{"0":[1],"1":[1],"2":[4],"3":[4],"4":[1],"5":[1]},"fnMap":{"0":{"name":"main","decl":{"start":{"line":13,"column":20},"end":{"line":36,"column":2}},"loc":{"start":{"line":13,"column":20},"end":{"line":36,"column":2}},"line":13},"1":{"name":"task","decl":{"start":{"line":21,"column":12},"end":{"line":21,"column":61}},"loc":{"start":{"line":21,"column":12},"end":{"line":21,"column":61}},"line":21},"2":{"name":"enabled","decl":{"start":{"line":22,"column":15},"end":{"line":22,"column":28}},"loc":{"start":{"line":22,"column":15},"end":{"line":22,"column":28}},"line":22},"3":{"name":"task","decl":{"start":{"line":26,"column":12},"end":{"line":26,"column":62}},"loc":{"start":{"line":26,"column":12},"end":{"line":26,"column":62}},"line":26},"4":{"name":"enabled","decl":{"start":{"line":27,"column":15},"end":{"line":27,"column":28}},"loc":{"start":{"line":27,"column":15},"end":{"line":27,"column":28}},"line":27},"5":{"name":"task","decl":{"start":{"line":31,"column":12},"end":{"line":31,"column":58}},"loc":{"start":{"line":31,"column":12},"end":{"line":31,"column":58}},"line":31}},"f":{"0":1,"1":0,"2":4,"3":0,"4":4,"5":1}}
,"/Users/james.miller/Desktop/Creative_Technology/personal/wrapper.js/src/unwrap/utils.ts": {"path":"/Users/james.miller/Desktop/Creative_Technology/personal/wrapper.js/src/unwrap/utils.ts","all":false,"statementMap":{"0":{"start":{"line":1,"column":0},"end":{"line":1,"column":26}},"1":{"start":{"line":2,"column":0},"end":{"line":2,"column":0}},"2":{"start":{"line":3,"column":0},"end":{"line":3,"column":44}},"3":{"start":{"line":4,"column":0},"end":{"line":4,"column":21}},"4":{"start":{"line":5,"column":0},"end":{"line":5,"column":52}},"5":{"start":{"line":6,"column":0},"end":{"line":6,"column":17}},"6":{"start":{"line":7,"column":0},"end":{"line":7,"column":3}},"7":{"start":{"line":8,"column":0},"end":{"line":8,"column":14}},"8":{"start":{"line":9,"column":0},"end":{"line":9,"column":2}},"9":{"start":{"line":10,"column":0},"end":{"line":10,"column":0}},"10":{"start":{"line":11,"column":0},"end":{"line":11,"column":50}},"11":{"start":{"line":12,"column":0},"end":{"line":12,"column":80}},"12":{"start":{"line":13,"column":0},"end":{"line":13,"column":16}},"13":{"start":{"line":14,"column":0},"end":{"line":14,"column":119}},"14":{"start":{"line":15,"column":0},"end":{"line":15,"column":6}},"15":{"start":{"line":16,"column":0},"end":{"line":16,"column":17}},"16":{"start":{"line":17,"column":0},"end":{"line":17,"column":3}},"17":{"start":{"line":18,"column":0},"end":{"line":18,"column":14}},"18":{"start":{"line":19,"column":0},"end":{"line":19,"column":2}},"19":{"start":{"line":20,"column":0},"end":{"line":20,"column":0}},"20":{"start":{"line":21,"column":0},"end":{"line":21,"column":43}},"21":{"start":{"line":22,"column":0},"end":{"line":22,"column":50}},"22":{"start":{"line":23,"column":0},"end":{"line":23,"column":18}},"23":{"start":{"line":24,"column":0},"end":{"line":24,"column":2}}},"s":{"0":1,"1":1,"2":1,"3":2,"4":1,"5":1,"6":1,"7":1,"8":1,"9":1,"10":1,"11":3,"12":2,"13":2,"14":2,"15":2,"16":2,"17":1,"18":1,"19":1,"20":1,"21":0,"22":0,"23":0},"branchMap":{"0":{"type":"branch","line":3,"loc":{"start":{"line":3,"column":24},"end":{"line":9,"column":2}},"locations":[{"start":{"line":3,"column":24},"end":{"line":9,"column":2}}]},"1":{"type":"branch","line":4,"loc":{"start":{"line":4,"column":20},"end":{"line":9,"column":2}},"locations":[{"start":{"line":4,"column":20},"end":{"line":9,"column":2}}]},"2":{"type":"branch","line":11,"loc":{"start":{"line":11,"column":30},"end":{"line":19,"column":2}},"locations":[{"start":{"line":11,"column":30},"end":{"line":19,"column":2}}]},"3":{"type":"branch","line":12,"loc":{"start":{"line":12,"column":40},"end":{"line":12,"column":77}},"locations":[{"start":{"line":12,"column":40},"end":{"line":12,"column":77}}]},"4":{"type":"branch","line":12,"loc":{"start":{"line":12,"column":79},"end":{"line":17,"column":3}},"locations":[{"start":{"line":12,"column":79},"end":{"line":17,"column":3}}]},"5":{"type":"branch","line":18,"loc":{"start":{"line":18,"column":-1},"end":{"line":19,"column":2}},"locations":[{"start":{"line":18,"column":-1},"end":{"line":19,"column":2}}]}},"b":{"0":[2],"1":[1],"2":[3],"3":[2],"4":[2],"5":[1]},"fnMap":{"0":{"name":"validate","decl":{"start":{"line":3,"column":24},"end":{"line":9,"column":2}},"loc":{"start":{"line":3,"column":24},"end":{"line":9,"column":2}},"line":3},"1":{"name":"validateNotJMB","decl":{"start":{"line":11,"column":30},"end":{"line":19,"column":2}},"loc":{"start":{"line":11,"column":30},"end":{"line":19,"column":2}},"line":11},"2":{"name":"error","decl":{"start":{"line":21,"column":21},"end":{"line":24,"column":2}},"loc":{"start":{"line":21,"column":21},"end":{"line":24,"column":2}},"line":21}},"f":{"0":2,"1":3,"2":0}}
}
