TN:
SF:src/unwrap/main.ts
FN:13,main
FN:21,task
FN:22,enabled
FN:26,task
FN:27,enabled
FN:31,task
FNF:6
FNH:4
FNDA:1,main
FNDA:0,task
FNDA:4,enabled
FNDA:0,task
FNDA:4,enabled
FNDA:1,task
DA:1,1
DA:2,1
DA:3,1
DA:4,1
DA:5,1
DA:6,1
DA:7,1
DA:8,1
DA:9,1
DA:10,1
DA:11,1
DA:12,1
DA:13,1
DA:14,1
DA:15,1
DA:16,1
DA:17,1
DA:18,1
DA:19,1
DA:20,1
DA:21,1
DA:22,1
DA:23,1
DA:24,1
DA:25,1
DA:26,1
DA:27,1
DA:28,1
DA:29,1
DA:30,1
DA:31,1
DA:32,1
DA:33,1
DA:34,1
DA:35,1
DA:36,1
LF:36
LH:36
BRDA:13,0,0,1
BRDA:13,1,0,1
BRDA:22,2,0,4
BRDA:27,3,0,4
BRDA:31,4,0,1
BRDA:31,5,0,1
BRF:6
BRH:6
end_of_record
TN:
SF:src/unwrap/utils.ts
FN:3,validate
FN:11,validateNotJMB
FN:21,error
FNF:3
FNH:2
FNDA:2,validate
FNDA:3,validateNotJMB
FNDA:0,error
DA:1,1
DA:2,1
DA:3,1
DA:4,2
DA:5,1
DA:6,1
DA:7,1
DA:8,1
DA:9,1
DA:10,1
DA:11,1
DA:12,3
DA:13,2
DA:14,2
DA:15,2
DA:16,2
DA:17,2
DA:18,1
DA:19,1
DA:20,1
DA:21,1
DA:22,0
DA:23,0
DA:24,0
LF:24
LH:21
BRDA:3,0,0,2
BRDA:4,1,0,1
BRDA:11,2,0,3
BRDA:12,3,0,2
BRDA:12,4,0,2
BRDA:18,5,0,1
BRF:6
BRH:6
end_of_record
